CRITICAL - 2023-10-15 11:02:10 --> Array to string conversion
in APPPATH\Views\post.php on line 7.
 1 APPPATH\Views\post.php(7): CodeIgniter\Debug\Exceptions->errorHandler(2, 'Array to string conversion', 'C:\\Users\\aryhi\\OneDrive\\Desktop\\framework-4.4.1\\app\\Views\\post.php', 7)
 2 SYSTEMPATH\View\View.php(226): include('C:\\Users\\aryhi\\OneDrive\\Desktop\\framework-4.4.1\\app\\Views\\post.php')
 3 SYSTEMPATH\View\View.php(229): CodeIgniter\View\View->CodeIgniter\View\{closure}()
 4 SYSTEMPATH\Common.php(1188): CodeIgniter\View\View->render('post', [], true)
 5 APPPATH\Controllers\Home.php(10): view('post')
 6 SYSTEMPATH\CodeIgniter.php(919): App\Controllers\Home->index()
 7 SYSTEMPATH\CodeIgniter.php(494): CodeIgniter\CodeIgniter->runController(Object(App\Controllers\Home))
 8 SYSTEMPATH\CodeIgniter.php(353): CodeIgniter\CodeIgniter->handleRequest(null, Object(Config\Cache), false)
 9 FCPATH\index.php(79): CodeIgniter\CodeIgniter->run()
10 SYSTEMPATH\Commands\Server\rewrite.php(47): require_once('C:\\Users\\aryhi\\OneDrive\\Desktop\\framework-4.4.1\\public\\index.php')
CRITICAL - 2023-10-15 11:02:31 --> Array to string conversion
in APPPATH\Views\post.php on line 7.
 1 APPPATH\Views\post.php(7): CodeIgniter\Debug\Exceptions->errorHandler(2, 'Array to string conversion', 'C:\\Users\\aryhi\\OneDrive\\Desktop\\framework-4.4.1\\app\\Views\\post.php', 7)
 2 SYSTEMPATH\View\View.php(226): include('C:\\Users\\aryhi\\OneDrive\\Desktop\\framework-4.4.1\\app\\Views\\post.php')
 3 SYSTEMPATH\View\View.php(229): CodeIgniter\View\View->CodeIgniter\View\{closure}()
 4 SYSTEMPATH\Common.php(1188): CodeIgniter\View\View->render('post', [], true)
 5 APPPATH\Controllers\Home.php(10): view('post')
 6 SYSTEMPATH\CodeIgniter.php(919): App\Controllers\Home->index()
 7 SYSTEMPATH\CodeIgniter.php(494): CodeIgniter\CodeIgniter->runController(Object(App\Controllers\Home))
 8 SYSTEMPATH\CodeIgniter.php(353): CodeIgniter\CodeIgniter->handleRequest(null, Object(Config\Cache), false)
 9 FCPATH\index.php(79): CodeIgniter\CodeIgniter->run()
10 SYSTEMPATH\Commands\Server\rewrite.php(47): require_once('C:\\Users\\aryhi\\OneDrive\\Desktop\\framework-4.4.1\\public\\index.php')
CRITICAL - 2023-10-15 11:03:07 --> Array to string conversion
in APPPATH\Views\post.php on line 7.
 1 APPPATH\Views\post.php(7): CodeIgniter\Debug\Exceptions->errorHandler(2, 'Array to string conversion', 'C:\\Users\\aryhi\\OneDrive\\Desktop\\framework-4.4.1\\app\\Views\\post.php', 7)
 2 SYSTEMPATH\View\View.php(226): include('C:\\Users\\aryhi\\OneDrive\\Desktop\\framework-4.4.1\\app\\Views\\post.php')
 3 SYSTEMPATH\View\View.php(229): CodeIgniter\View\View->CodeIgniter\View\{closure}()
 4 SYSTEMPATH\Common.php(1188): CodeIgniter\View\View->render('post', [], true)
 5 APPPATH\Controllers\Home.php(10): view('post')
 6 SYSTEMPATH\CodeIgniter.php(919): App\Controllers\Home->index()
 7 SYSTEMPATH\CodeIgniter.php(494): CodeIgniter\CodeIgniter->runController(Object(App\Controllers\Home))
 8 SYSTEMPATH\CodeIgniter.php(353): CodeIgniter\CodeIgniter->handleRequest(null, Object(Config\Cache), false)
 9 FCPATH\index.php(79): CodeIgniter\CodeIgniter->run()
10 SYSTEMPATH\Commands\Server\rewrite.php(47): require_once('C:\\Users\\aryhi\\OneDrive\\Desktop\\framework-4.4.1\\public\\index.php')
CRITICAL - 2023-10-15 11:03:08 --> Array to string conversion
in APPPATH\Views\post.php on line 7.
 1 APPPATH\Views\post.php(7): CodeIgniter\Debug\Exceptions->errorHandler(2, 'Array to string conversion', 'C:\\Users\\aryhi\\OneDrive\\Desktop\\framework-4.4.1\\app\\Views\\post.php', 7)
 2 SYSTEMPATH\View\View.php(226): include('C:\\Users\\aryhi\\OneDrive\\Desktop\\framework-4.4.1\\app\\Views\\post.php')
 3 SYSTEMPATH\View\View.php(229): CodeIgniter\View\View->CodeIgniter\View\{closure}()
 4 SYSTEMPATH\Common.php(1188): CodeIgniter\View\View->render('post', [], true)
 5 APPPATH\Controllers\Home.php(10): view('post')
 6 SYSTEMPATH\CodeIgniter.php(919): App\Controllers\Home->index()
 7 SYSTEMPATH\CodeIgniter.php(494): CodeIgniter\CodeIgniter->runController(Object(App\Controllers\Home))
 8 SYSTEMPATH\CodeIgniter.php(353): CodeIgniter\CodeIgniter->handleRequest(null, Object(Config\Cache), false)
 9 FCPATH\index.php(79): CodeIgniter\CodeIgniter->run()
10 SYSTEMPATH\Commands\Server\rewrite.php(47): require_once('C:\\Users\\aryhi\\OneDrive\\Desktop\\framework-4.4.1\\public\\index.php')
CRITICAL - 2023-10-15 11:05:46 --> Too few arguments to function CodeIgniter\View\View::extend(), 0 passed in C:\Users\aryhi\OneDrive\Desktop\framework-4.4.1\app\Views\post.php on line 6 and exactly 1 expected
in SYSTEMPATH\View\View.php on line 390.
 1 APPPATH\Views\post.php(6): CodeIgniter\View\View->extend()
 2 SYSTEMPATH\View\View.php(226): include('C:\\Users\\aryhi\\OneDrive\\Desktop\\framework-4.4.1\\app\\Views\\post.php')
 3 SYSTEMPATH\View\View.php(229): CodeIgniter\View\View->CodeIgniter\View\{closure}()
 4 SYSTEMPATH\Common.php(1188): CodeIgniter\View\View->render('post', [], true)
 5 APPPATH\Controllers\Home.php(10): view('post')
 6 SYSTEMPATH\CodeIgniter.php(919): App\Controllers\Home->index()
 7 SYSTEMPATH\CodeIgniter.php(494): CodeIgniter\CodeIgniter->runController(Object(App\Controllers\Home))
 8 SYSTEMPATH\CodeIgniter.php(353): CodeIgniter\CodeIgniter->handleRequest(null, Object(Config\Cache), false)
 9 FCPATH\index.php(79): CodeIgniter\CodeIgniter->run()
10 SYSTEMPATH\Commands\Server\rewrite.php(47): require_once('C:\\Users\\aryhi\\OneDrive\\Desktop\\framework-4.4.1\\public\\index.php')
CRITICAL - 2023-10-15 11:22:42 --> Call to undefined method CodeIgniter\View\View::renderTitle()
in APPPATH\Views\layouts\app.php on line 7.
 1 SYSTEMPATH\View\View.php(226): include()
 2 SYSTEMPATH\View\View.php(229): CodeIgniter\View\View->CodeIgniter\View\{closure}()
 3 SYSTEMPATH\View\View.php(242): CodeIgniter\View\View->render('layouts/app.php', [], true)
 4 SYSTEMPATH\Common.php(1188): CodeIgniter\View\View->render('post', [], true)
 5 APPPATH\Controllers\Home.php(10): view('post')
 6 SYSTEMPATH\CodeIgniter.php(919): App\Controllers\Home->index()
 7 SYSTEMPATH\CodeIgniter.php(494): CodeIgniter\CodeIgniter->runController(Object(App\Controllers\Home))
 8 SYSTEMPATH\CodeIgniter.php(353): CodeIgniter\CodeIgniter->handleRequest(null, Object(Config\Cache), false)
 9 FCPATH\index.php(79): CodeIgniter\CodeIgniter->run()
10 SYSTEMPATH\Commands\Server\rewrite.php(47): require_once('C:\\Users\\aryhi\\OneDrive\\Desktop\\framework-4.4.1\\public\\index.php')
CRITICAL - 2023-10-15 11:22:50 --> Invalid file: "3.php"
in SYSTEMPATH\Exceptions\FrameworkException.php on line 39.
 1 SYSTEMPATH\View\View.php(214): CodeIgniter\Exceptions\FrameworkException::forInvalidFile('3.php')
 2 APPPATH\Views\layouts\app.php(7): CodeIgniter\View\View->render('3')
 3 SYSTEMPATH\View\View.php(226): include('C:\\Users\\aryhi\\OneDrive\\Desktop\\framework-4.4.1\\app\\Views\\layouts\\app.php')
 4 SYSTEMPATH\View\View.php(229): CodeIgniter\View\View->CodeIgniter\View\{closure}()
 5 SYSTEMPATH\View\View.php(242): CodeIgniter\View\View->render('layouts/app.php', [], true)
 6 SYSTEMPATH\Common.php(1188): CodeIgniter\View\View->render('post', [], true)
 7 APPPATH\Controllers\Home.php(10): view('post')
 8 SYSTEMPATH\CodeIgniter.php(919): App\Controllers\Home->index()
 9 SYSTEMPATH\CodeIgniter.php(494): CodeIgniter\CodeIgniter->runController(Object(App\Controllers\Home))
10 SYSTEMPATH\CodeIgniter.php(353): CodeIgniter\CodeIgniter->handleRequest(null, Object(Config\Cache), false)
11 FCPATH\index.php(79): CodeIgniter\CodeIgniter->run()
12 SYSTEMPATH\Commands\Server\rewrite.php(47): require_once('C:\\Users\\aryhi\\OneDrive\\Desktop\\framework-4.4.1\\public\\index.php')
CRITICAL - 2023-10-15 11:28:46 --> compact(): Undefined variable $post
in APPPATH\Controllers\Home.php on line 12.
 1 [internal function]: CodeIgniter\Debug\Exceptions->errorHandler(2, 'compact(): Undefined variable $post', 'C:\\Users\\aryhi\\OneDrive\\Desktop\\framework-4.4.1\\app\\Controllers\\Home.php', 12)
 2 APPPATH\Controllers\Home.php(12): compact('post')
 3 SYSTEMPATH\CodeIgniter.php(919): App\Controllers\Home->index()
 4 SYSTEMPATH\CodeIgniter.php(494): CodeIgniter\CodeIgniter->runController(Object(App\Controllers\Home))
 5 SYSTEMPATH\CodeIgniter.php(353): CodeIgniter\CodeIgniter->handleRequest(null, Object(Config\Cache), false)
 6 FCPATH\index.php(79): CodeIgniter\CodeIgniter->run()
 7 SYSTEMPATH\Commands\Server\rewrite.php(47): require_once('C:\\Users\\aryhi\\OneDrive\\Desktop\\framework-4.4.1\\public\\index.php')
